[debug] > Exec(early(addDefaultCommands), None, None)
[debug] > Exec(addDefaultCommands, None, None)
[debug] > Exec(early(initialize), None, None)
[debug] > Exec(initialize, None, None)
[debug] > Exec(boot, None, None)
[debug] > Exec(writeSbtVersion, None, None)
[debug] > Exec(reload, None, None)
[debug] > Exec(sbtStashOnFailure, None, None)
[debug] > Exec(onFailure loadFailed, None, None)
[debug] > Exec(loadp, None, None)
[info] welcome to sbt 1.10.0 (Oracle Corporation Java 1.8.0_381)
[debug] Load.defaultLoad until apply took 196.9005ms
[debug]           Load.loadUnit: plugins took 145.4044ms
[debug]           Load.loadUnit: defsScala took 0.5423ms
[debug] [Loading] Scanning directory C:\Users\Mha.DESKTOP-0KPQ9V3\Downloads\CustomerCommentsAnalysis\project
[debug] [Loading] Found non-root projects 
[debug] [Loading] Done in C:\Users\Mha.DESKTOP-0KPQ9V3\Downloads\CustomerCommentsAnalysis\project, returning: ()
[debug] deducing auto plugins based on known facts Set(Atom(sbt.plugins.CorePlugin)) and clauses Clauses(Clause(Atom(sbt.plugins.JvmPlugin),Set(Atom(sbt.plugins.IvyPlugin)))
[debug] Clause(Atom(sbt.ScriptedPlugin),Set(Atom(sbt.plugins.JvmPlugin)))
[debug] Clause(Atom(sbt.plugins.SbtPlugin),Set(Atom(sbt.ScriptedPlugin)))
[debug] Clause(Atom(sbt.plugins.SemanticdbPlugin),Set(Atom(sbt.plugins.JvmPlugin)))
[debug] Clause(Atom(sbt.plugins.JUnitXmlReportPlugin),Set(Atom(sbt.plugins.JvmPlugin)))
[debug] Clause(Atom(sbt.plugins.MiniDependencyTreePlugin),Set(Atom(sbt.plugins.JvmPlugin)))
[debug] Clause(Atom(sbt.plugins.CorePlugin),Set(Atom(sbt.plugins.IvyPlugin)))
[debug] Clause(Atom(sbt.plugins.IvyPlugin),Set(Atom(sbt.plugins.JvmPlugin)))
[debug] Clause(Atom(sbt.plugins.JvmPlugin),Set(Atom(sbt.plugins.SemanticdbPlugin)))
[debug] Clause(Atom(sbt.plugins.JvmPlugin),Set(Atom(sbt.plugins.JUnitXmlReportPlugin)))
[debug] Clause(Atom(sbt.plugins.CorePlugin),Set(Atom(sbt.plugins.Giter8TemplatePlugin)))
[debug] Clause(Atom(sbt.plugins.JvmPlugin),Set(Atom(sbt.plugins.MiniDependencyTreePlugin))))
[debug]   :: deduced result: Matched(sbt.plugins.CorePlugin,sbt.plugins.Giter8TemplatePlugin,sbt.plugins.IvyPlugin,sbt.plugins.JvmPlugin,sbt.plugins.MiniDependencyTreePlugin,sbt.plugins.JUnitXmlReportPlugin,sbt.plugins.SemanticdbPlugin)
[debug] Plugins.deducer#function took 42.7378 ms
[debug]               Load.resolveProject(customercommentsanalysis-build) took 67.483ms
[debug]             Load.loadTransitive: finalizeProject(Project(id customercommentsanalysis-build, base: C:\Users\Mha.DESKTOP-0KPQ9V3\Downloads\CustomerCommentsAnalysis\project, plugins: List(<none>))) took 301.6484ms
[debug] [Loading] Done in C:\Users\Mha.DESKTOP-0KPQ9V3\Downloads\CustomerCommentsAnalysis\project, returning: (customercommentsanalysis-build)
[debug]           Load.loadUnit: loadedProjectsRaw took 328.2908ms
[debug]           Load.loadUnit: cleanEvalClasses took 0.3826ms
[debug]         Load.loadUnit(file:/C:/Users/Mha.DESKTOP-0KPQ9V3/Downloads/CustomerCommentsAnalysis/project/, ...) took 482.7473ms
[debug]       Load.apply: load took 836.699ms
[debug]       Load.apply: resolveProjects took 11.6526ms
[debug]       Load.apply: finalTransforms took 112.2484ms
[debug]       Load.apply: config.delegates took 11.2662ms
[debug]       Load.apply: Def.make(settings)... took 879.5762ms
[debug]       Load.apply: structureIndex took 244.8925ms
[debug]       Load.apply: mkStreams took 3.9452ms
[info] loading project definition from C:\Users\Mha.DESKTOP-0KPQ9V3\Downloads\CustomerCommentsAnalysis\project
[debug] Running task... Cancel: Signal, check cycles: false, forcegc: true
[debug]     Load.loadUnit: plugins took 3659.8857ms
[debug]     Load.loadUnit: defsScala took 0.0049ms
[debug] [Loading] Scanning directory C:\Users\Mha.DESKTOP-0KPQ9V3\Downloads\CustomerCommentsAnalysis
[debug]       Load.loadUnit: mkEval took 9.1265ms
[debug] [Loading] Found non-root projects 
[debug] [Loading] Done in C:\Users\Mha.DESKTOP-0KPQ9V3\Downloads\CustomerCommentsAnalysis, returning: ()
[debug] deducing auto plugins based on known facts Set(Atom(sbt.plugins.CorePlugin)) and clauses Clauses(Clause(Atom(sbt.plugins.JvmPlugin),Set(Atom(sbt.plugins.IvyPlugin)))
[debug] Clause(Atom(sbt.ScriptedPlugin),Set(Atom(sbt.plugins.JvmPlugin)))
[debug] Clause(Atom(sbt.plugins.SbtPlugin),Set(Atom(sbt.ScriptedPlugin)))
[debug] Clause(Atom(sbt.plugins.SemanticdbPlugin),Set(Atom(sbt.plugins.JvmPlugin)))
[debug] Clause(Atom(sbt.plugins.JUnitXmlReportPlugin),Set(Atom(sbt.plugins.JvmPlugin)))
[debug] Clause(Atom(sbt.plugins.MiniDependencyTreePlugin),Set(Atom(sbt.plugins.JvmPlugin)))
[debug] Clause(Atom(sbt.plugins.CorePlugin),Set(Atom(sbt.plugins.IvyPlugin)))
[debug] Clause(Atom(sbt.plugins.IvyPlugin),Set(Atom(sbt.plugins.JvmPlugin)))
[debug] Clause(Atom(sbt.plugins.JvmPlugin),Set(Atom(sbt.plugins.SemanticdbPlugin)))
[debug] Clause(Atom(sbt.plugins.JvmPlugin),Set(Atom(sbt.plugins.JUnitXmlReportPlugin)))
[debug] Clause(Atom(sbt.plugins.CorePlugin),Set(Atom(sbt.plugins.Giter8TemplatePlugin)))
[debug] Clause(Atom(sbt.plugins.JvmPlugin),Set(Atom(sbt.plugins.MiniDependencyTreePlugin))))
[debug]   :: deduced result: Matched(sbt.plugins.CorePlugin,sbt.plugins.Giter8TemplatePlugin,sbt.plugins.IvyPlugin,sbt.plugins.JvmPlugin,sbt.plugins.MiniDependencyTreePlugin,sbt.plugins.JUnitXmlReportPlugin,sbt.plugins.SemanticdbPlugin)
[debug] Plugins.deducer#function took 5.1296 ms
[info] loading settings for project customercommentsanalysis from build.sbt ...
[debug]         Load.resolveProject(customercommentsanalysis) took 5.6008ms
[debug]       Load.loadTransitive: finalizeProject(Project(id customercommentsanalysis, base: C:\Users\Mha.DESKTOP-0KPQ9V3\Downloads\CustomerCommentsAnalysis, plugins: List(<none>))) took 11.6958ms
[debug] [Loading] Done in C:\Users\Mha.DESKTOP-0KPQ9V3\Downloads\CustomerCommentsAnalysis, returning: (customercommentsanalysis)
[debug]     Load.loadUnit: loadedProjectsRaw took 887.6567ms
[debug]     Load.loadUnit: cleanEvalClasses took 61.2564ms
[debug]   Load.loadUnit(file:/C:/Users/Mha.DESKTOP-0KPQ9V3/Downloads/CustomerCommentsAnalysis/, ...) took 4611.7034ms
[debug] Load.apply: load took 4655.5285ms
[debug] Load.apply: resolveProjects took 0.402ms
[debug] Load.apply: finalTransforms took 25.2233ms
[debug] Load.apply: config.delegates took 1.4938ms
[debug] Load.apply: Def.make(settings)... took 416.5783ms
[debug] Load.apply: structureIndex took 79.9811ms
[debug] Load.apply: mkStreams took 0.0038ms
[info] set current project to CustomerCommentsAnalysis (in build file:/C:/Users/Mha.DESKTOP-0KPQ9V3/Downloads/CustomerCommentsAnalysis/)
[debug] > Exec(sbtPopOnFailure, None, None)
[debug] > Exec(resumeFromFailure, None, None)
[debug] > Exec(notifyUsersAboutShell, None, None)
[debug] > Exec(iflast shell, None, None)
[debug] > Exec(shell, None, None)
[info] 
[info] Here are some highlights of sbt 1.10.0:
[info]   - SIP-51 support for Scala 2.13 evolution
[info]   - Various Zinc fixes
[info]   - ConsistentAnalysisFormat: new Zinc Analysis serialization
[info]   - CommandProgress API
[info] See https://eed3si9n.com/sbt-1.10.0 for full release notes.
[info] Hide the banner for this release by running `skipBanner`.
[info] sbt server started at local:sbt-server-96744abd50270dcf95be
[debug] Writing bsp connection file
[info] started sbt server
